#
# A fatal error has been detected by the Java Runtime Environment:
#
#  SIGBUS (0xa) at pc=0x0000000104e92e92, pid=1386, tid=0x0000000000002703
#
# JRE version: Java(TM) SE Runtime Environment (8.0_171-b11) (build 1.8.0_171-b11)
# Java VM: Java HotSpot(TM) 64-Bit Server VM (25.171-b11 mixed mode bsd-amd64 compressed oops)
# Problematic frame:
# C  [libzip.dylib+0x2e92]  newEntry+0x154
#
# Failed to write core dump. Core dumps have been disabled. To enable core dumping, try "ulimit -c unlimited" before starting Java again
#
# If you would like to submit a bug report, please visit:
#   http://bugreport.java.com/bugreport/crash.jsp
# The crash happened outside the Java Virtual Machine in native code.
# See problematic frame for where to report the bug.
#

---------------  T H R E A D  ---------------

Current thread (0x00007fa150804800):  JavaThread "main" [_thread_in_native, id=9987, stack(0x000070000a6c1000,0x000070000a7c1000)]

siginfo: si_signo: 10 (SIGBUS), si_code: 2 (BUS_ADRERR), si_addr: 0x000000011c3bd988

Registers:
RAX=0x00007fa14ff08d70, RBX=0x000000011c3bd97c, RCX=0x0000000000000001, RDX=0x0000000000002000
RSP=0x000070000a7bf240, RBP=0x000070000a7bf2a0, RSI=0x00000000ffffe1ff, RDI=0x000000000000023d
R8 =0x0000000014fe23cd, R9 =0x0000000000000004, R10=0x00000000ffffe000, R11=0x00007fa14fe00000
R12=0x000000011c441000, R13=0x000000000000e880, R14=0x00000000d5269538, R15=0x00007fa14fe63d30
RIP=0x0000000104e92e92, EFLAGS=0x0000000000010202, ERR=0x0000000000000004
  TRAPNO=0x000000000000000e

Top of Stack: (sp=0x000070000a7bf240)
0x000070000a7bf240:   00007fa14fe07aa0 0000000005d313d8
0x000070000a7bf250:   00000007b27da4b0 000070000a7bf760
0x000070000a7bf260:   000070000a7bf280 00007fa14ff08d70
0x000070000a7bf270:   00007fa14fe23c80 00007fa14ff08d70
0x000070000a7bf280:   000000011c441000 000000000000e880
0x000070000a7bf290:   00000000d5269538 00007fa14fe63d30
0x000070000a7bf2a0:   000070000a7bf300 0000000104e9352d
0x000070000a7bf2b0:   000070000a7bf33c 000070000a7bf33b
0x000070000a7bf2c0:   0000001c00000000 0000001d01804800
0x000070000a7bf2d0:   000070000a7bf31e 000070000a7bf768
0x000070000a7bf2e0:   000000000000001d 000070000a7bf31e
0x000070000a7bf2f0:   00007fa14ff08d70 00007fa1508049f8
0x000070000a7bf300:   000070000a7bf750 0000000104e92238
0x000070000a7bf310:   0000000106cb3ba0 7274700000000001
0x000070000a7bf320:   69756769626d612f 6c65646f6d2f7974
0x000070000a7bf330:   736572706d6f632d 0000700000646573
0x000070000a7bf340:   0000000105d313d8 000070000a7bf5d0
0x000070000a7bf350:   000070000a7bf4c0 00000001041265b7
0x000070000a7bf360:   00000000000000d8 00007fa14fc0b080
0x000070000a7bf370:   00007fa1508049f8 000070000a7bf5d0
0x000070000a7bf380:   0000000000000001 00000007b27da4b0
0x000070000a7bf390:   0000000742c30420 0000000106f89187
0x000070000a7bf3a0:   00000007aecabab0 000000000014bdad
0x000070000a7bf3b0:   000000380a7bf410 0000000103f9eff5
0x000070000a7bf3c0:   b28fe93a3d768156 00000007400101a0
0x000070000a7bf3d0:   00000007c0000208 000070000a7bf388
0x000070000a7bf3e0:   000070000a7bf3c9 0000000800000002
0x000070000a7bf3f0:   00000007af8e2200 00007fa14fc0ac00
0x000070000a7bf400:   00007fa14fc0ac30 00007fa14fc0ac40
0x000070000a7bf410:   00007fa14fc0b018 00000000000003d8
0x000070000a7bf420:   0000000104634c70 00000001065337c0
0x000070000a7bf430:   00000000afc7d3b0 00000007b0611038 

Instructions: (pc=0x0000000104e92e92)
0x0000000104e92e72:   49 8b 7f 38 e8 5b 1b 00 00 4d 89 77 38 49 89 5f
0x0000000104e92e82:   40 4c 89 f0 48 85 c0 0f 84 11 05 00 00 48 89 c3
0x0000000104e92e92:   0f b6 43 0c 0f b6 4b 0d 48 c1 e1 08 48 01 c1 0f
0x0000000104e92ea2:   b6 43 0e 0f b6 53 0f 48 c1 e2 08 48 01 c2 48 c1 

Register to memory mapping:

RAX=0x00007fa14ff08d70 is an unknown value
RBX=0x000000011c3bd97c is an unknown value
RCX=0x0000000000000001 is an unknown value
RDX=0x0000000000002000 is an unknown value
RSP=0x000070000a7bf240 is pointing into the stack for thread: 0x00007fa150804800
RBP=0x000070000a7bf2a0 is pointing into the stack for thread: 0x00007fa150804800
RSI=0x00000000ffffe1ff is an unknown value
RDI=0x000000000000023d is an unknown value
R8 =0x0000000014fe23cd is an unknown value
R9 =0x0000000000000004 is an unknown value
R10=0x00000000ffffe000 is an unknown value
R11=0x00007fa14fe00000 is an unknown value
R12=0x000000011c441000 is an unknown value
R13=0x000000000000e880 is an unknown value
R14=0x00000000d5269538 is an unknown value
R15=0x00007fa14fe63d30 is an unknown value


Stack: [0x000070000a6c1000,0x000070000a7c1000],  sp=0x000070000a7bf240,  free space=1016k
Native frames: (J=compiled Java code, j=interpreted, Vv=VM code, C=native code)
C  [libzip.dylib+0x2e92]  newEntry+0x154
C  [libzip.dylib+0x352d]  ZIP_GetEntry2+0xd4
C  [libzip.dylib+0x2238]  Java_java_util_zip_ZipFile_getEntry+0xcf
J 207  java.util.zip.ZipFile.getEntry(J[BZ)J (0 bytes) @ 0x0000000106e0128e [0x0000000106e011c0+0xce]
J 420 C2 sun.misc.URLClassPath$JarLoader.getResource(Ljava/lang/String;Z)Lsun/misc/Resource; (85 bytes) @ 0x0000000106ec9f8c [0x0000000106ec9ac0+0x4cc]
J 2422 C2 sun.misc.URLClassPath.findResource(Ljava/lang/String;Z)Ljava/net/URL; (47 bytes) @ 0x000000010704ebe0 [0x000000010704e980+0x260]
J 2843 C2 java.net.URLClassLoader$2.run()Ljava/lang/Object; (5 bytes) @ 0x0000000106dd4d74 [0x0000000106dd4d20+0x54]
v  ~StubRoutines::call_stub
V  [libjvm.dylib+0x2ef1f6]
V  [libjvm.dylib+0x34fb24]
J 2096  java.security.AccessController.doPrivileged(Ljava/security/PrivilegedAction;Ljava/security/AccessControlContext;)Ljava/lang/Object; (0 bytes) @ 0x0000000107370f95 [0x0000000107370ec0+0xd5]
J 2960 C2 java.net.URLClassLoader.getResourceAsStream(Ljava/lang/String;)Ljava/io/InputStream; (137 bytes) @ 0x0000000107665e4c [0x0000000107665c00+0x24c]
J 3128 C2 zemberek.morphology.TurkishMorphology.<init>(Lzemberek/morphology/TurkishMorphology$Builder;)V (192 bytes) @ 0x000000010719b53c [0x000000010719ae80+0x6bc]
J 2542 C1 zemberek.morphology.TurkishMorphology.createWithDefaults()Lzemberek/morphology/TurkishMorphology; (42 bytes) @ 0x0000000106da759c [0x0000000106da6a60+0xb3c]
J 2541 C1 Ana.kokal(Ljava/lang/String;)Ljava/lang/String; (64 bytes) @ 0x0000000106d94da4 [0x0000000106d94d40+0x64]
j  Ana.cevapla(Ljava/lang/String;Ljava/util/List;)Ljava/lang/String;+85
j  Ana.paragrafVeSoruBul()Ljava/lang/String;+278
j  Ana.main([Ljava/lang/String;)V+0
v  ~StubRoutines::call_stub
V  [libjvm.dylib+0x2ef1f6]
V  [libjvm.dylib+0x326185]
V  [libjvm.dylib+0x31ef11]
C  [java+0x38ca]  JavaMain+0x9c4
C  [libsystem_pthread.dylib+0x3661]  _pthread_body+0x154
C  [libsystem_pthread.dylib+0x350d]  _pthread_body+0x0
C  [libsystem_pthread.dylib+0x2bf9]  thread_start+0xd
C  0x0000000000000000

Java frames: (J=compiled Java code, j=interpreted, Vv=VM code)
J 207  java.util.zip.ZipFile.getEntry(J[BZ)J (0 bytes) @ 0x0000000106e01218 [0x0000000106e011c0+0x58]
J 420 C2 sun.misc.URLClassPath$JarLoader.getResource(Ljava/lang/String;Z)Lsun/misc/Resource; (85 bytes) @ 0x0000000106ec9f8c [0x0000000106ec9ac0+0x4cc]
J 2422 C2 sun.misc.URLClassPath.findResource(Ljava/lang/String;Z)Ljava/net/URL; (47 bytes) @ 0x000000010704ebe0 [0x000000010704e980+0x260]
J 2843 C2 java.net.URLClassLoader$2.run()Ljava/lang/Object; (5 bytes) @ 0x0000000106dd4d74 [0x0000000106dd4d20+0x54]
v  ~StubRoutines::call_stub
J 2096  java.security.AccessController.doPrivileged(Ljava/security/PrivilegedAction;Ljava/security/AccessControlContext;)Ljava/lang/Object; (0 bytes) @ 0x0000000107370f23 [0x0000000107370ec0+0x63]
J 2960 C2 java.net.URLClassLoader.getResourceAsStream(Ljava/lang/String;)Ljava/io/InputStream; (137 bytes) @ 0x0000000107665e4c [0x0000000107665c00+0x24c]
J 3128 C2 zemberek.morphology.TurkishMorphology.<init>(Lzemberek/morphology/TurkishMorphology$Builder;)V (192 bytes) @ 0x000000010719b53c [0x000000010719ae80+0x6bc]
J 2542 C1 zemberek.morphology.TurkishMorphology.createWithDefaults()Lzemberek/morphology/TurkishMorphology; (42 bytes) @ 0x0000000106da759c [0x0000000106da6a60+0xb3c]
J 2541 C1 Ana.kokal(Ljava/lang/String;)Ljava/lang/String; (64 bytes) @ 0x0000000106d94da4 [0x0000000106d94d40+0x64]
j  Ana.cevapla(Ljava/lang/String;Ljava/util/List;)Ljava/lang/String;+85
j  Ana.paragrafVeSoruBul()Ljava/lang/String;+278
j  Ana.main([Ljava/lang/String;)V+0
v  ~StubRoutines::call_stub

---------------  P R O C E S S  ---------------

Java Threads: ( => current thread )
  0x00007fa15299b800 JavaThread "ForkJoinPool.commonPool-worker-0" daemon [_thread_blocked, id=3791, stack(0x000070000b671000,0x000070000b771000)]
  0x00007fa151051800 JavaThread "Service Thread" daemon [_thread_blocked, id=17667, stack(0x000070000b46b000,0x000070000b56b000)]
  0x00007fa151851000 JavaThread "C1 CompilerThread2" daemon [_thread_blocked, id=14595, stack(0x000070000b368000,0x000070000b468000)]
  0x00007fa151850000 JavaThread "C2 CompilerThread1" daemon [_thread_blocked, id=18179, stack(0x000070000b265000,0x000070000b365000)]
  0x00007fa150082800 JavaThread "C2 CompilerThread0" daemon [_thread_blocked, id=18691, stack(0x000070000b162000,0x000070000b262000)]
  0x00007fa150843000 JavaThread "Monitor Ctrl-Break" daemon [_thread_in_native, id=18947, stack(0x000070000b05f000,0x000070000b15f000)]
  0x00007fa15183b800 JavaThread "Signal Dispatcher" daemon [_thread_blocked, id=19211, stack(0x000070000af5c000,0x000070000b05c000)]
  0x00007fa151825800 JavaThread "Finalizer" daemon [_thread_blocked, id=11779, stack(0x000070000add6000,0x000070000aed6000)]
  0x00007fa151824800 JavaThread "Reference Handler" daemon [_thread_blocked, id=20995, stack(0x000070000acd3000,0x000070000add3000)]
=>0x00007fa150804800 JavaThread "main" [_thread_in_native, id=9987, stack(0x000070000a6c1000,0x000070000a7c1000)]

Other Threads:
  0x00007fa151822000 VMThread [stack: 0x000070000abd0000,0x000070000acd0000] [id=11267]
  0x00007fa150097800 WatcherThread [stack: 0x000070000b56e000,0x000070000b66e000] [id=17411]

VM state:not at safepoint (normal execution)

VM Mutex/Monitor currently owned by a thread: None

Heap:
 PSYoungGen      total 611328K, used 538789K [0x0000000795580000, 0x00000007c0000000, 0x00000007c0000000)
  eden space 532992K, 90% used [0x0000000795580000,0x00000007b2a816f0,0x00000007b5e00000)
  from space 78336K, 74% used [0x00000007bb180000,0x00000007beaa8070,0x00000007bfe00000)
  to   space 82944K, 0% used [0x00000007b5e00000,0x00000007b5e00000,0x00000007baf00000)
 ParOldGen       total 242176K, used 185874K [0x0000000740000000, 0x000000074ec80000, 0x0000000795580000)
  object space 242176K, 76% used [0x0000000740000000,0x000000074b584ac8,0x000000074ec80000)
 Metaspace       used 10996K, capacity 11272K, committed 11520K, reserved 1058816K
  class space    used 1168K, capacity 1273K, committed 1280K, reserved 1048576K

Card table byte_map: [0x0000000105259000,0x000000010565a000] byte_map_base: 0x0000000101859000

Marking Bits: (ParMarkBitMap*) 0x00000001046f76e0
 Begin Bits: [0x0000000115c6d000, 0x0000000117c6d000)
 End Bits:   [0x0000000117c6d000, 0x0000000119c6d000)

Polling page: 0x00000001035ff000

CodeCache: size=245760Kb used=10158Kb max_used=10170Kb free=235601Kb
 bounds [0x0000000106c6d000, 0x000000010769d000, 0x0000000115c6d000]
 total_blobs=2627 nmethods=2268 adapters=272
 compilation: enabled

Compilation events (10 events):
Event: 1620.871 Thread 0x00007fa151851000 3157       3       com.github.benmanes.caffeine.cache.BoundedLocalCache::expireAfterAccessEntries (43 bytes)
Event: 1620.871 Thread 0x00007fa151851000 nmethod 3157 0x00000001072916d0 code [0x0000000107291840, 0x0000000107291a70]
Event: 1620.871 Thread 0x00007fa151851000 3158       3       com.github.benmanes.caffeine.cache.BoundedLocalCache::expireAfterWriteEntries (60 bytes)
Event: 1620.871 Thread 0x00007fa151851000 nmethod 3158 0x0000000107261d50 code [0x0000000107261ec0, 0x00000001072620f0]
Event: 1620.872 Thread 0x00007fa151851000 3160       3       com.github.benmanes.caffeine.cache.BoundedLocalCache::evictFromMain (387 bytes)
Event: 1620.874 Thread 0x00007fa151851000 nmethod 3160 0x0000000106fc1c50 code [0x0000000106fc2040, 0x0000000106fc4888]
Event: 1672.118 Thread 0x00007fa150082800 3161       4       com.google.protobuf.GeneratedMessageLite::mutableCopy (26 bytes)
Event: 1672.129 Thread 0x00007fa150082800 nmethod 3161 0x000000010720d010 code [0x000000010720d1a0, 0x000000010720d9b8]
Event: 1718.822 Thread 0x00007fa151850000 3162       4       java.util.LinkedHashMap$LinkedKeySet::iterator (12 bytes)
Event: 1718.823 Thread 0x00007fa151850000 nmethod 3162 0x0000000107191ad0 code [0x0000000107191c20, 0x0000000107191d38]

GC Heap History (10 events):
Event: 1730.428 GC heap before
{Heap before GC invocations=1912 (full 2):
 PSYoungGen      total 618496K, used 544553K [0x0000000795580000, 0x00000007c0000000, 0x00000007c0000000)
  eden space 540160K, 100% used [0x0000000795580000,0x00000007b6500000,0x00000007b6500000)
  from space 78336K, 5% used [0x00000007b6500000,0x00000007b694a778,0x00000007bb180000)
  to   space 79872K, 0% used [0x00000007bb200000,0x00000007bb200000,0x00000007c0000000)
 ParOldGen       total 242176K, used 185874K [0x0000000740000000, 0x000000074ec80000, 0x0000000795580000)
  object space 242176K, 76% used [0x0000000740000000,0x000000074b584ac8,0x000000074ec80000)
 Metaspace       used 10996K, capacity 11272K, committed 11520K, reserved 1058816K
  class space    used 1168K, capacity 1273K, committed 1280K, reserved 1048576K
Event: 1730.486 GC heap after
Heap after GC invocations=1912 (full 2):
 PSYoungGen      total 619008K, used 45344K [0x0000000795580000, 0x00000007c0000000, 0x00000007c0000000)
  eden space 539136K, 0% used [0x0000000795580000,0x0000000795580000,0x00000007b6400000)
  from space 79872K, 56% used [0x00000007bb200000,0x00000007bde483a8,0x00000007c0000000)
  to   space 79872K, 0% used [0x00000007b6400000,0x00000007b6400000,0x00000007bb200000)
 ParOldGen       total 242176K, used 185874K [0x0000000740000000, 0x000000074ec80000, 0x0000000795580000)
  object space 242176K, 76% used [0x0000000740000000,0x000000074b584ac8,0x000000074ec80000)
 Metaspace       used 10996K, capacity 11272K, committed 11520K, reserved 1058816K
  class space    used 1168K, capacity 1273K, committed 1280K, reserved 1048576K
}
Event: 1731.236 GC heap before
{Heap before GC invocations=1913 (full 2):
 PSYoungGen      total 619008K, used 584480K [0x0000000795580000, 0x00000007c0000000, 0x00000007c0000000)
  eden space 539136K, 100% used [0x0000000795580000,0x00000007b6400000,0x00000007b6400000)
  from space 79872K, 56% used [0x00000007bb200000,0x00000007bde483a8,0x00000007c0000000)
  to   space 79872K, 0% used [0x00000007b6400000,0x00000007b6400000,0x00000007bb200000)
 ParOldGen       total 242176K, used 185874K [0x0000000740000000, 0x000000074ec80000, 0x0000000795580000)
  object space 242176K, 76% used [0x0000000740000000,0x000000074b584ac8,0x000000074ec80000)
 Metaspace       used 10996K, capacity 11272K, committed 11520K, reserved 1058816K
  class space    used 1168K, capacity 1273K, committed 1280K, reserved 1048576K
Event: 1731.302 GC heap after
Heap after GC invocations=1913 (full 2):
 PSYoungGen      total 587264K, used 48096K [0x0000000795580000, 0x00000007c0000000, 0x00000007c0000000)
  eden space 539136K, 0% used [0x0000000795580000,0x0000000795580000,0x00000007b6400000)
  from space 48128K, 99% used [0x00000007b6400000,0x00000007b92f8060,0x00000007b9300000)
  to   space 80384K, 0% used [0x00000007bb180000,0x00000007bb180000,0x00000007c0000000)
 ParOldGen       total 242176K, used 185874K [0x0000000740000000, 0x000000074ec80000, 0x0000000795580000)
  object space 242176K, 76% used [0x0000000740000000,0x000000074b584ac8,0x000000074ec80000)
 Metaspace       used 10996K, capacity 11272K, committed 11520K, reserved 1058816K
  class space    used 1168K, capacity 1273K, committed 1280K, reserved 1048576K
}
Event: 1732.129 GC heap before
{Heap before GC invocations=1914 (full 2):
 PSYoungGen      total 587264K, used 587232K [0x0000000795580000, 0x00000007c0000000, 0x00000007c0000000)
  eden space 539136K, 100% used [0x0000000795580000,0x00000007b6400000,0x00000007b6400000)
  from space 48128K, 99% used [0x00000007b6400000,0x00000007b92f8060,0x00000007b9300000)
  to   space 80384K, 0% used [0x00000007bb180000,0x00000007bb180000,0x00000007c0000000)
 ParOldGen       total 242176K, used 185874K [0x0000000740000000, 0x000000074ec80000, 0x0000000795580000)
  object space 242176K, 76% used [0x0000000740000000,0x000000074b584ac8,0x000000074ec80000)
 Metaspace       used 10996K, capacity 11272K, committed 11520K, reserved 1058816K
  class space    used 1168K, capacity 1273K, committed 1280K, reserved 1048576K
Event: 1732.146 GC heap after
Heap after GC invocations=1914 (full 2):
 PSYoungGen      total 620544K, used 21664K [0x0000000795580000, 0x00000007c0000000, 0x00000007c0000000)
  eden space 540160K, 0% used [0x0000000795580000,0x0000000795580000,0x00000007b6500000)
  from space 80384K, 26% used [0x00000007bb180000,0x00000007bc6a8388,0x00000007c0000000)
  to   space 78336K, 0% used [0x00000007b6500000,0x00000007b6500000,0x00000007bb180000)
 ParOldGen       total 242176K, used 185874K [0x0000000740000000, 0x000000074ec80000, 0x0000000795580000)
  object space 242176K, 76% used [0x0000000740000000,0x000000074b584ac8,0x000000074ec80000)
 Metaspace       used 10996K, capacity 11272K, committed 11520K, reserved 1058816K
  class space    used 1168K, capacity 1273K, committed 1280K, reserved 1048576K
}
Event: 1732.945 GC heap before
{Heap before GC invocations=1915 (full 2):
 PSYoungGen      total 620544K, used 561824K [0x0000000795580000, 0x00000007c0000000, 0x00000007c0000000)
  eden space 540160K, 100% used [0x0000000795580000,0x00000007b6500000,0x00000007b6500000)
  from space 80384K, 26% used [0x00000007bb180000,0x00000007bc6a8388,0x00000007c0000000)
  to   space 78336K, 0% used [0x00000007b6500000,0x00000007b6500000,0x00000007bb180000)
 ParOldGen       total 242176K, used 185874K [0x0000000740000000, 0x000000074ec80000, 0x0000000795580000)
  object space 242176K, 76% used [0x0000000740000000,0x000000074b584ac8,0x000000074ec80000)
 Metaspace       used 10996K, capacity 11272K, committed 11520K, reserved 1058816K
  class space    used 1168K, capacity 1273K, committed 1280K, reserved 1048576K
Event: 1733.004 GC heap after
Heap after GC invocations=1915 (full 2):
 PSYoungGen      total 618496K, used 47040K [0x0000000795580000, 0x00000007bfe00000, 0x00000007c0000000)
  eden space 540160K, 0% used [0x0000000795580000,0x0000000795580000,0x00000007b6500000)
  from space 78336K, 60% used [0x00000007b6500000,0x00000007b92f0040,0x00000007bb180000)
  to   space 78336K, 0% used [0x00000007bb180000,0x00000007bb180000,0x00000007bfe00000)
 ParOldGen       total 242176K, used 185874K [0x0000000740000000, 0x000000074ec80000, 0x0000000795580000)
  object space 242176K, 76% used [0x0000000740000000,0x000000074b584ac8,0x000000074ec80000)
 Metaspace       used 10996K, capacity 11272K, committed 11520K, reserved 1058816K
  class space    used 1168K, capacity 1273K, committed 1280K, reserved 1048576K
}
Event: 1733.782 GC heap before
{Heap before GC invocations=1916 (full 2):
 PSYoungGen      total 618496K, used 587200K [0x0000000795580000, 0x00000007bfe00000, 0x00000007c0000000)
  eden space 540160K, 100% used [0x0000000795580000,0x00000007b6500000,0x00000007b6500000)
  from space 78336K, 60% used [0x00000007b6500000,0x00000007b92f0040,0x00000007bb180000)
  to   space 78336K, 0% used [0x00000007bb180000,0x00000007bb180000,0x00000007bfe00000)
 ParOldGen       total 242176K, used 185874K [0x0000000740000000, 0x000000074ec80000, 0x0000000795580000)
  object space 242176K, 76% used [0x0000000740000000,0x000000074b584ac8,0x000000074ec80000)
 Metaspace       used 10996K, capacity 11272K, committed 11520K, reserved 1058816K
  class space    used 1168K, capacity 1273K, committed 1280K, reserved 1048576K
Event: 1733.865 GC heap after
Heap after GC invocations=1916 (full 2):
 PSYoungGen      total 611328K, used 58528K [0x0000000795580000, 0x00000007c0000000, 0x00000007c0000000)
  eden space 532992K, 0% used [0x0000000795580000,0x0000000795580000,0x00000007b5e00000)
  from space 78336K, 74% used [0x00000007bb180000,0x00000007beaa8070,0x00000007bfe00000)
  to   space 82944K, 0% used [0x00000007b5e00000,0x00000007b5e00000,0x00000007baf00000)
 ParOldGen       total 242176K, used 185874K [0x0000000740000000, 0x000000074ec80000, 0x0000000795580000)
  object space 242176K, 76% used [0x0000000740000000,0x000000074b584ac8,0x000000074ec80000)
 Metaspace       used 10996K, capacity 11272K, committed 11520K, reserved 1058816K
  class space    used 1168K, capacity 1273K, committed 1280K, reserved 1048576K
}

Deoptimization events (10 events):
Event: 87.690 Thread 0x00007fa150804800 Uncommon trap: reason=bimorphic action=maybe_recompile pc=0x000000010722eadc method=java.util.regex.Pattern$CharProperty.match(Ljava/util/regex/Matcher;ILjava/lang/CharSequence;)Z @ 18
Event: 87.690 Thread 0x00007fa150804800 Uncommon trap: reason=bimorphic action=maybe_recompile pc=0x00000001073a5514 method=java.util.regex.Matcher.search(I)Z @ 86
Event: 87.690 Thread 0x00007fa150804800 Uncommon trap: reason=class_check action=maybe_recompile pc=0x00000001072e5b3c method=java.util.regex.Pattern$Curly.match(Ljava/util/regex/Matcher;ILjava/lang/CharSequence;)Z @ 19
Event: 87.690 Thread 0x00007fa150804800 Uncommon trap: reason=class_check action=maybe_recompile pc=0x00000001072e5b3c method=java.util.regex.Pattern$Curly.match(Ljava/util/regex/Matcher;ILjava/lang/CharSequence;)Z @ 19
Event: 90.480 Thread 0x00007fa150804800 Uncommon trap: reason=class_check action=maybe_recompile pc=0x0000000106fd3c00 method=java.util.LinkedHashMap.afterNodeInsertion(Z)V @ 15
Event: 121.041 Thread 0x00007fa150804800 Uncommon trap: reason=class_check action=maybe_recompile pc=0x0000000106fd3c00 method=java.util.LinkedHashMap.afterNodeInsertion(Z)V @ 15
Event: 378.856 Thread 0x00007fa150804800 Uncommon trap: reason=unstable_if action=reinterpret pc=0x0000000106f8bc10 method=java.util.regex.Pattern$CharProperty.match(Ljava/util/regex/Matcher;ILjava/lang/CharSequence;)Z @ 40
Event: 379.364 Thread 0x00007fa150804800 Uncommon trap: reason=unstable_if action=reinterpret pc=0x0000000106e77000 method=java.lang.Character.isUpperCase(I)Z @ 5
Event: 1217.449 Thread 0x00007fa150804800 Uncommon trap: reason=unstable_if action=reinterpret pc=0x0000000107187140 method=java.util.regex.Pattern.inRange(III)Z @ 7
Event: 1217.449 Thread 0x00007fa150804800 Uncommon trap: reason=unstable_if action=reinterpret pc=0x000000010722cc2c method=java.util.regex.Pattern$5.isSatisfiedBy(I)Z @ 19

Classes redefined (0 events):
No events

Internal exceptions (10 events):
Event: 0.476 Thread 0x00007fa150804800 Exception <a 'java/security/PrivilegedActionException'> (0x00000007957f9420) thrown at [/Users/java_re/workspace/8-2-build-macosx-x86_64/jdk8u171/10807/hotspot/src/share/vm/prims/jvm.cpp, line 1435]
Event: 0.476 Thread 0x00007fa150804800 Exception <a 'java/security/PrivilegedActionException'> (0x00000007957f9818) thrown at [/Users/java_re/workspace/8-2-build-macosx-x86_64/jdk8u171/10807/hotspot/src/share/vm/prims/jvm.cpp, line 1435]
Event: 0.479 Thread 0x00007fa150804800 Exception <a 'java/security/PrivilegedActionException'> (0x00000007957fcd30) thrown at [/Users/java_re/workspace/8-2-build-macosx-x86_64/jdk8u171/10807/hotspot/src/share/vm/prims/jvm.cpp, line 1435]
Event: 0.479 Thread 0x00007fa150804800 Exception <a 'java/security/PrivilegedActionException'> (0x00000007957fd128) thrown at [/Users/java_re/workspace/8-2-build-macosx-x86_64/jdk8u171/10807/hotspot/src/share/vm/prims/jvm.cpp, line 1435]
Event: 5.003 Thread 0x00007fa150804800 Implicit null exception at 0x0000000106fd04dc to 0x0000000106fd0595
Event: 5.003 Thread 0x00007fa150804800 Implicit null exception at 0x0000000106f86d98 to 0x0000000106f86e26
Event: 5.004 Thread 0x00007fa150804800 Implicit null exception at 0x0000000106fa39af to 0x0000000106fa3a19
Event: 5.255 Thread 0x00007fa150804800 Exception <a 'java/lang/NoSuchFieldError': method resolution failed> (0x0000000797bc4bc0) thrown at [/Users/java_re/workspace/8-2-build-macosx-x86_64/jdk8u171/10807/hotspot/src/share/vm/prims/methodHandles.cpp, line 1167]
Event: 5.258 Thread 0x00007fa150804800 Exception <a 'java/lang/NoSuchFieldError': method resolution failed> (0x0000000797bd2780) thrown at [/Users/java_re/workspace/8-2-build-macosx-x86_64/jdk8u171/10807/hotspot/src/share/vm/prims/methodHandles.cpp, line 1167]
Event: 6.843 Thread 0x00007fa150804800 Exception <a 'java/lang/NoSuchMethodError': java.lang.Object.lambda$statsAware$0(Ljava/util/function/Function;ZLjava/lang/Object;)Ljava/lang/Object;> (0x0000000796606bb8) thrown at [/Users/java_re/workspace/8-2-build-macosx-x86_64/jdk8u171/10807/hotspot/s

Events (10 events):
Event: 1730.428 Executing VM operation: ParallelGCFailedAllocation
Event: 1730.486 Executing VM operation: ParallelGCFailedAllocation done
Event: 1731.236 Executing VM operation: ParallelGCFailedAllocation
Event: 1731.302 Executing VM operation: ParallelGCFailedAllocation done
Event: 1732.129 Executing VM operation: ParallelGCFailedAllocation
Event: 1732.146 Executing VM operation: ParallelGCFailedAllocation done
Event: 1732.945 Executing VM operation: ParallelGCFailedAllocation
Event: 1733.004 Executing VM operation: ParallelGCFailedAllocation done
Event: 1733.782 Executing VM operation: ParallelGCFailedAllocation
Event: 1733.865 Executing VM operation: ParallelGCFailedAllocation done


Dynamic libraries:
0x000000002ef98000 	/System/Library/Frameworks/Cocoa.framework/Versions/A/Cocoa
0x000000002ef98000 	/System/Library/Frameworks/Security.framework/Versions/A/Security
0x000000002ef98000 	/System/Library/Frameworks/ApplicationServices.framework/Versions/A/ApplicationServices
0x000000002ef98000 	/usr/lib/libz.1.dylib
0x000000002ef98000 	/usr/lib/libSystem.B.dylib
0x000000002ef98000 	/usr/lib/libobjc.A.dylib
0x000000002ef98000 	/System/Library/Frameworks/CoreFoundation.framework/Versions/A/CoreFoundation
0x000000002ef98000 	/System/Library/Frameworks/Foundation.framework/Versions/C/Foundation
0x000000002ef98000 	/System/Library/Frameworks/AppKit.framework/Versions/C/AppKit
0x000000002ef98000 	/System/Library/Frameworks/CoreData.framework/Versions/A/CoreData
0x000000002ef98000 	/System/Library/PrivateFrameworks/RemoteViewServices.framework/Versions/A/RemoteViewServices
0x000000002ef98000 	/System/Library/PrivateFrameworks/UIFoundation.framework/Versions/A/UIFoundation
0x000000002ef98000 	/System/Library/PrivateFrameworks/DFRFoundation.framework/Versions/A/DFRFoundation
0x000000002ef98000 	/System/Library/Frameworks/Metal.framework/Versions/A/Metal
0x000000002ef98000 	/System/Library/PrivateFrameworks/DesktopServicesPriv.framework/Versions/A/DesktopServicesPriv
0x000000002ef98000 	/usr/lib/libenergytrace.dylib
0x000000002ef98000 	/System/Library/PrivateFrameworks/SkyLight.framework/Versions/A/SkyLight
0x000000002ef98000 	/System/Library/Frameworks/CoreGraphics.framework/Versions/A/CoreGraphics
0x000000002ef98000 	/usr/lib/libScreenReader.dylib
0x000000002ef98000 	/System/Library/Frameworks/Accelerate.framework/Versions/A/Accelerate
0x000000002ef98000 	/System/Library/Frameworks/IOSurface.framework/Versions/A/IOSurface
0x000000002ef98000 	/System/Library/Frameworks/AudioToolbox.framework/Versions/A/AudioToolbox
0x000000002ef98000 	/System/Library/Frameworks/AudioUnit.framework/Versions/A/AudioUnit
0x000000002ef98000 	/System/Library/PrivateFrameworks/DataDetectorsCore.framework/Versions/A/DataDetectorsCore
0x000000002ef98000 	/System/Library/Frameworks/Carbon.framework/Versions/A/Frameworks/HIToolbox.framework/Versions/A/HIToolbox
0x000000002ef98000 	/usr/lib/libicucore.A.dylib
0x000000002ef98000 	/System/Library/Frameworks/QuartzCore.framework/Versions/A/QuartzCore
0x000000002ef98000 	/System/Library/PrivateFrameworks/SignpostNotification.framework/Versions/A/SignpostNotification
0x000000002ef98000 	/System/Library/Frameworks/Carbon.framework/Versions/A/Frameworks/SpeechRecognition.framework/Versions/A/SpeechRecognition
0x000000002ef98000 	/usr/lib/libauto.dylib
0x000000002ef98000 	/usr/lib/libxml2.2.dylib
0x000000002ef98000 	/System/Library/PrivateFrameworks/CoreUI.framework/Versions/A/CoreUI
0x000000002ef98000 	/System/Library/Frameworks/CoreAudio.framework/Versions/A/CoreAudio
0x000000002ef98000 	/System/Library/Frameworks/DiskArbitration.framework/Versions/A/DiskArbitration
0x000000002ef98000 	/usr/lib/liblangid.dylib
0x000000002ef98000 	/System/Library/PrivateFrameworks/MultitouchSupport.framework/Versions/A/MultitouchSupport
0x000000002ef98000 	/System/Library/Frameworks/IOKit.framework/Versions/A/IOKit
0x000000002ef98000 	/usr/lib/libDiagnosticMessagesClient.dylib
0x000000002ef98000 	/System/Library/Frameworks/CoreServices.framework/Versions/A/CoreServices
0x000000002ef98000 	/System/Library/PrivateFrameworks/PerformanceAnalysis.framework/Versions/A/PerformanceAnalysis
0x000000002ef98000 	/System/Library/Frameworks/OpenGL.framework/Versions/A/OpenGL
0x000000002ef98000 	/System/Library/Frameworks/ColorSync.framework/Versions/A/ColorSync
0x000000002ef98000 	/System/Library/Frameworks/CoreImage.framework/Versions/A/CoreImage
0x000000002ef98000 	/System/Library/Frameworks/CoreText.framework/Versions/A/CoreText
0x000000002ef98000 	/System/Library/Frameworks/ImageIO.framework/Versions/A/ImageIO
0x000000002ef98000 	/System/Library/PrivateFrameworks/Backup.framework/Versions/A/Backup
0x000000002ef98000 	/usr/lib/libarchive.2.dylib
0x000000002ef98000 	/System/Library/Frameworks/CFNetwork.framework/Versions/A/CFNetwork
0x000000002ef98000 	/System/Library/Frameworks/SystemConfiguration.framework/Versions/A/SystemConfiguration
0x000000002ef98000 	/usr/lib/libCRFSuite.dylib
0x000000002ef98000 	/usr/lib/libc++.1.dylib
0x000000002ef98000 	/usr/lib/libc++abi.dylib
0x000000002ef98000 	/usr/lib/system/libcache.dylib
0x000000002ef98000 	/usr/lib/system/libcommonCrypto.dylib
0x000000002ef98000 	/usr/lib/system/libcompiler_rt.dylib
0x000000002ef98000 	/usr/lib/system/libcopyfile.dylib
0x000000002ef98000 	/usr/lib/system/libcorecrypto.dylib
0x000000002ef98000 	/usr/lib/system/libdispatch.dylib
0x000000002ef98000 	/usr/lib/system/libdyld.dylib
0x000000002ef98000 	/usr/lib/system/libkeymgr.dylib
0x000000002ef98000 	/usr/lib/system/liblaunch.dylib
0x000000002ef98000 	/usr/lib/system/libmacho.dylib
0x000000002ef98000 	/usr/lib/system/libquarantine.dylib
0x000000002ef98000 	/usr/lib/system/libremovefile.dylib
0x000000002ef98000 	/usr/lib/system/libsystem_asl.dylib
0x000000002ef98000 	/usr/lib/system/libsystem_blocks.dylib
0x000000002ef98000 	/usr/lib/system/libsystem_c.dylib
0x000000002ef98000 	/usr/lib/system/libsystem_configuration.dylib
0x000000002ef98000 	/usr/lib/system/libsystem_coreservices.dylib
0x000000002ef98000 	/usr/lib/system/libsystem_darwin.dylib
0x000000002ef98000 	/usr/lib/system/libsystem_dnssd.dylib
0x000000002ef98000 	/usr/lib/system/libsystem_info.dylib
0x000000002ef98000 	/usr/lib/system/libsystem_m.dylib
0x000000002ef98000 	/usr/lib/system/libsystem_malloc.dylib
0x000000002ef98000 	/usr/lib/system/libsystem_network.dylib
0x000000002ef98000 	/usr/lib/system/libsystem_networkextension.dylib
0x000000002ef98000 	/usr/lib/system/libsystem_notify.dylib
0x000000002ef98000 	/usr/lib/system/libsystem_sandbox.dylib
0x000000002ef98000 	/usr/lib/system/libsystem_secinit.dylib
0x000000002ef98000 	/usr/lib/system/libsystem_kernel.dylib
0x000000002ef98000 	/usr/lib/system/libsystem_platform.dylib
0x000000002ef98000 	/usr/lib/system/libsystem_pthread.dylib
0x000000002ef98000 	/usr/lib/system/libsystem_symptoms.dylib
0x000000002ef98000 	/usr/lib/system/libsystem_trace.dylib
0x000000002ef98000 	/usr/lib/system/libunwind.dylib
0x000000002ef98000 	/usr/lib/system/libxpc.dylib
0x000000002ef98000 	/usr/lib/closure/libclosured.dylib
0x000000002ef98000 	/usr/lib/libbsm.0.dylib
0x000000002ef98000 	/usr/lib/system/libkxld.dylib
0x000000002ef98000 	/usr/lib/libOpenScriptingUtil.dylib
0x000000002ef98000 	/usr/lib/libcoretls.dylib
0x000000002ef98000 	/usr/lib/libcoretls_cfhelpers.dylib
0x000000002ef98000 	/usr/lib/libpam.2.dylib
0x000000002ef98000 	/usr/lib/libsqlite3.dylib
0x000000002ef98000 	/usr/lib/libxar.1.dylib
0x000000002ef98000 	/usr/lib/libbz2.1.0.dylib
0x000000002ef98000 	/usr/lib/liblzma.5.dylib
0x000000002ef98000 	/usr/lib/libnetwork.dylib
0x000000002ef98000 	/usr/lib/libapple_nghttp2.dylib
0x000000002ef98000 	/usr/lib/libpcap.A.dylib
0x000000002ef98000 	/usr/lib/libboringssl.dylib
0x000000002ef98000 	/usr/lib/libusrtcp.dylib
0x000000002ef98000 	/usr/lib/libapple_crypto.dylib
0x000000002ef98000 	/System/Library/Frameworks/CoreServices.framework/Versions/A/Frameworks/FSEvents.framework/Versions/A/FSEvents
0x000000002ef98000 	/System/Library/Frameworks/CoreServices.framework/Versions/A/Frameworks/CarbonCore.framework/Versions/A/CarbonCore
0x000000002ef98000 	/System/Library/Frameworks/CoreServices.framework/Versions/A/Frameworks/Metadata.framework/Versions/A/Metadata
0x000000002ef98000 	/System/Library/Frameworks/CoreServices.framework/Versions/A/Frameworks/OSServices.framework/Versions/A/OSServices
0x000000002ef98000 	/System/Library/Frameworks/CoreServices.framework/Versions/A/Frameworks/SearchKit.framework/Versions/A/SearchKit
0x000000002ef98000 	/System/Library/Frameworks/CoreServices.framework/Versions/A/Frameworks/AE.framework/Versions/A/AE
0x000000002ef98000 	/System/Library/Frameworks/CoreServices.framework/Versions/A/Frameworks/LaunchServices.framework/Versions/A/LaunchServices
0x000000002ef98000 	/System/Library/Frameworks/CoreServices.framework/Versions/A/Frameworks/DictionaryServices.framework/Versions/A/DictionaryServices
0x000000002ef98000 	/System/Library/Frameworks/CoreServices.framework/Versions/A/Frameworks/SharedFileList.framework/Versions/A/SharedFileList
0x000000002ef98000 	/System/Library/Frameworks/NetFS.framework/Versions/A/NetFS
0x000000002ef98000 	/System/Library/PrivateFrameworks/NetAuth.framework/Versions/A/NetAuth
0x000000002ef98000 	/System/Library/PrivateFrameworks/login.framework/Versions/A/Frameworks/loginsupport.framework/Versions/A/loginsupport
0x000000002ef98000 	/System/Library/PrivateFrameworks/TCC.framework/Versions/A/TCC
0x000000002ef98000 	/usr/lib/libmecabra.dylib
0x000000002ef98000 	/System/Library/Frameworks/ApplicationServices.framework/Versions/A/Frameworks/ATS.framework/Versions/A/ATS
0x000000002ef98000 	/System/Library/Frameworks/ApplicationServices.framework/Versions/A/Frameworks/ColorSyncLegacy.framework/Versions/A/ColorSyncLegacy
0x000000002ef98000 	/System/Library/Frameworks/ApplicationServices.framework/Versions/A/Frameworks/HIServices.framework/Versions/A/HIServices
0x000000002ef98000 	/System/Library/Frameworks/ApplicationServices.framework/Versions/A/Frameworks/LangAnalysis.framework/Versions/A/LangAnalysis
0x000000002ef98000 	/System/Library/Frameworks/ApplicationServices.framework/Versions/A/Frameworks/PrintCore.framework/Versions/A/PrintCore
0x000000002ef98000 	/System/Library/Frameworks/ApplicationServices.framework/Versions/A/Frameworks/QD.framework/Versions/A/QD
0x000000002ef98000 	/System/Library/Frameworks/ApplicationServices.framework/Versions/A/Frameworks/SpeechSynthesis.framework/Versions/A/SpeechSynthesis
0x000000002ef98000 	/System/Library/Frameworks/CoreDisplay.framework/Versions/A/CoreDisplay
0x000000002ef98000 	/System/Library/Frameworks/Accelerate.framework/Versions/A/Frameworks/vImage.framework/Versions/A/vImage
0x000000002ef98000 	/System/Library/Frameworks/Accelerate.framework/Versions/A/Frameworks/vecLib.framework/Versions/A/vecLib
0x000000002ef98000 	/System/Library/Frameworks/Accelerate.framework/Versions/A/Frameworks/vecLib.framework/Versions/A/libvDSP.dylib
0x000000002ef98000 	/System/Library/Frameworks/Accelerate.framework/Versions/A/Frameworks/vecLib.framework/Versions/A/libBNNS.dylib
0x000000002ef98000 	/System/Library/Frameworks/Accelerate.framework/Versions/A/Frameworks/vecLib.framework/Versions/A/libQuadrature.dylib
0x000000002ef98000 	/System/Library/Frameworks/Accelerate.framework/Versions/A/Frameworks/vecLib.framework/Versions/A/libvMisc.dylib
0x000000002ef98000 	/System/Library/Frameworks/Accelerate.framework/Versions/A/Frameworks/vecLib.framework/Versions/A/libLAPACK.dylib
0x000000002ef98000 	/System/Library/Frameworks/Accelerate.framework/Versions/A/Frameworks/vecLib.framework/Versions/A/libBLAS.dylib
0x000000002ef98000 	/System/Library/Frameworks/Accelerate.framework/Versions/A/Frameworks/vecLib.framework/Versions/A/libLinearAlgebra.dylib
0x000000002ef98000 	/System/Library/Frameworks/Accelerate.framework/Versions/A/Frameworks/vecLib.framework/Versions/A/libSparse.dylib
0x000000002ef98000 	/System/Library/Frameworks/Accelerate.framework/Versions/A/Frameworks/vecLib.framework/Versions/A/libSparseBLAS.dylib
0x000000002ef98000 	/System/Library/PrivateFrameworks/GPUWrangler.framework/Versions/A/GPUWrangler
0x000000002ef98000 	/System/Library/PrivateFrameworks/IOAccelerator.framework/Versions/A/IOAccelerator
0x000000002ef98000 	/System/Library/PrivateFrameworks/IOPresentment.framework/Versions/A/IOPresentment
0x000000002ef98000 	/System/Library/PrivateFrameworks/DSExternalDisplay.framework/Versions/A/DSExternalDisplay
0x000000002ef98000 	/System/Library/Frameworks/OpenGL.framework/Versions/A/Libraries/libCoreFSCache.dylib
0x000000002ef98000 	/System/Library/Frameworks/CoreVideo.framework/Versions/A/CoreVideo
0x000000002ef98000 	/System/Library/PrivateFrameworks/GraphVisualizer.framework/Versions/A/GraphVisualizer
0x000000002ef98000 	/System/Library/Frameworks/MetalPerformanceShaders.framework/Versions/A/MetalPerformanceShaders
0x000000002ef98000 	/usr/lib/libFosl_dynamic.dylib
0x000000002ef98000 	/System/Library/PrivateFrameworks/FaceCore.framework/Versions/A/FaceCore
0x000000002ef98000 	/System/Library/Frameworks/OpenCL.framework/Versions/A/OpenCL
0x000000002ef98000 	/usr/lib/libcompression.dylib
0x000000002ef98000 	/System/Library/Frameworks/ApplicationServices.framework/Versions/A/Frameworks/ATS.framework/Versions/A/Resources/libFontParser.dylib
0x000000002ef98000 	/System/Library/Frameworks/ApplicationServices.framework/Versions/A/Frameworks/ATS.framework/Versions/A/Resources/libFontRegistry.dylib
0x000000002ef98000 	/System/Library/Frameworks/ImageIO.framework/Versions/A/Resources/libJPEG.dylib
0x000000002ef98000 	/System/Library/Frameworks/ImageIO.framework/Versions/A/Resources/libTIFF.dylib
0x000000002ef98000 	/System/Library/Frameworks/ImageIO.framework/Versions/A/Resources/libPng.dylib
0x000000002ef98000 	/System/Library/Frameworks/ImageIO.framework/Versions/A/Resources/libGIF.dylib
0x000000002ef98000 	/System/Library/Frameworks/ImageIO.framework/Versions/A/Resources/libJP2.dylib
0x000000002ef98000 	/System/Library/Frameworks/ImageIO.framework/Versions/A/Resources/libRadiance.dylib
0x000000002ef98000 	/System/Library/PrivateFrameworks/AppleJPEG.framework/Versions/A/AppleJPEG
0x000000002ef98000 	/System/Library/Frameworks/MetalPerformanceShaders.framework/Frameworks/MPSCore.framework/Versions/A/MPSCore
0x000000002ef98000 	/System/Library/Frameworks/MetalPerformanceShaders.framework/Frameworks/MPSImage.framework/Versions/A/MPSImage
0x000000002ef98000 	/System/Library/Frameworks/MetalPerformanceShaders.framework/Frameworks/MPSNeuralNetwork.framework/Versions/A/MPSNeuralNetwork
0x000000002ef98000 	/System/Library/Frameworks/MetalPerformanceShaders.framework/Frameworks/MPSMatrix.framework/Versions/A/MPSMatrix
0x000000002ef98000 	/System/Library/PrivateFrameworks/MetalTools.framework/Versions/A/MetalTools
0x000000002ef98000 	/System/Library/Frameworks/OpenGL.framework/Versions/A/Libraries/libGLU.dylib
0x000000002ef98000 	/System/Library/Frameworks/OpenGL.framework/Versions/A/Libraries/libGFXShared.dylib
0x000000002ef98000 	/System/Library/Frameworks/OpenGL.framework/Versions/A/Libraries/libGL.dylib
0x000000002ef98000 	/System/Library/Frameworks/OpenGL.framework/Versions/A/Libraries/libGLImage.dylib
0x000000002ef98000 	/System/Library/Frameworks/OpenGL.framework/Versions/A/Libraries/libCVMSPluginSupport.dylib
0x000000002ef98000 	/System/Library/Frameworks/OpenGL.framework/Versions/A/Libraries/libCoreVMClient.dylib
0x000000002ef98000 	/usr/lib/libcups.2.dylib
0x000000002ef98000 	/System/Library/Frameworks/Kerberos.framework/Versions/A/Kerberos
0x000000002ef98000 	/System/Library/Frameworks/GSS.framework/Versions/A/GSS
0x000000002ef98000 	/usr/lib/libresolv.9.dylib
0x000000002ef98000 	/usr/lib/libiconv.2.dylib
0x000000002ef98000 	/System/Library/PrivateFrameworks/Heimdal.framework/Versions/A/Heimdal
0x000000002ef98000 	/usr/lib/libheimdal-asn1.dylib
0x000000002ef98000 	/System/Library/Frameworks/OpenDirectory.framework/Versions/A/OpenDirectory
0x000000002ef98000 	/System/Library/PrivateFrameworks/CommonAuth.framework/Versions/A/CommonAuth
0x000000002ef98000 	/System/Library/Frameworks/OpenDirectory.framework/Versions/A/Frameworks/CFOpenDirectory.framework/Versions/A/CFOpenDirectory
0x000000002ef98000 	/System/Library/Frameworks/SecurityFoundation.framework/Versions/A/SecurityFoundation
0x000000002ef98000 	/System/Library/PrivateFrameworks/APFS.framework/Versions/A/APFS
0x000000002ef98000 	/usr/lib/libutil.dylib
0x000000002ef98000 	/System/Library/PrivateFrameworks/AppleSauce.framework/Versions/A/AppleSauce
0x000000002ef98000 	/System/Library/PrivateFrameworks/LinguisticData.framework/Versions/A/LinguisticData
0x000000002ef98000 	/usr/lib/libmarisa.dylib
0x000000002ef98000 	/System/Library/PrivateFrameworks/Lexicon.framework/Versions/A/Lexicon
0x000000002ef98000 	/usr/lib/libChineseTokenizer.dylib
0x000000002ef98000 	/usr/lib/libcmph.dylib
0x000000002ef98000 	/System/Library/PrivateFrameworks/LanguageModeling.framework/Versions/A/LanguageModeling
0x000000002ef98000 	/System/Library/PrivateFrameworks/CoreEmoji.framework/Versions/A/CoreEmoji
0x000000002ef98000 	/System/Library/Frameworks/ServiceManagement.framework/Versions/A/ServiceManagement
0x000000002ef98000 	/System/Library/PrivateFrameworks/BackgroundTaskManagement.framework/Versions/A/BackgroundTaskManagement
0x000000002ef98000 	/usr/lib/libxslt.1.dylib
0x000000002ef98000 	/System/Library/Frameworks/Carbon.framework/Versions/A/Frameworks/Ink.framework/Versions/A/Ink
0x000000002ef98000 	/System/Library/PrivateFrameworks/TextureIO.framework/Versions/A/TextureIO
0x000000002ef98000 	/usr/lib/libate.dylib
0x000000002ef98000 	/System/Library/PrivateFrameworks/CrashReporterSupport.framework/Versions/A/CrashReporterSupport
0x000000002ef98000 	/System/Library/PrivateFrameworks/Sharing.framework/Versions/A/Sharing
0x000000002ef98000 	/System/Library/PrivateFrameworks/IconServices.framework/Versions/A/IconServices
0x000000002ef98000 	/System/Library/PrivateFrameworks/AuthKit.framework/Versions/A/AuthKit
0x000000002ef98000 	/System/Library/PrivateFrameworks/Apple80211.framework/Versions/A/Apple80211
0x000000002ef98000 	/System/Library/PrivateFrameworks/CoreUtils.framework/Versions/A/CoreUtils
0x000000002ef98000 	/System/Library/Frameworks/CoreWLAN.framework/Versions/A/CoreWLAN
0x000000002ef98000 	/System/Library/Frameworks/IOBluetooth.framework/Versions/A/IOBluetooth
0x000000002ef98000 	/System/Library/PrivateFrameworks/ProtocolBuffer.framework/Versions/A/ProtocolBuffer
0x000000002ef98000 	/System/Library/PrivateFrameworks/MobileKeyBag.framework/Versions/A/MobileKeyBag
0x000000002ef98000 	/System/Library/PrivateFrameworks/CorePhoneNumbers.framework/Versions/A/CorePhoneNumbers
0x000000002ef98000 	/System/Library/PrivateFrameworks/AppleIDAuthSupport.framework/Versions/A/AppleIDAuthSupport
0x000000002ef98000 	/System/Library/PrivateFrameworks/KeychainCircle.framework/Versions/A/KeychainCircle
0x000000002ef98000 	/System/Library/PrivateFrameworks/CoreWiFi.framework/Versions/A/CoreWiFi
0x000000002ef98000 	/System/Library/Frameworks/CoreBluetooth.framework/Versions/A/CoreBluetooth
0x000000002ef98000 	/System/Library/PrivateFrameworks/DebugSymbols.framework/Versions/A/DebugSymbols
0x000000002ef98000 	/System/Library/PrivateFrameworks/CoreSymbolication.framework/Versions/A/CoreSymbolication
0x000000002ef98000 	/System/Library/PrivateFrameworks/Symbolication.framework/Versions/A/Symbolication
0x000000002ef98000 	/System/Library/PrivateFrameworks/AppleFSCompression.framework/Versions/A/AppleFSCompression
0x000000002ef98000 	/System/Library/PrivateFrameworks/SpeechRecognitionCore.framework/Versions/A/SpeechRecognitionCore
0x000000002ef98000 	/System/Library/CoreServices/Encodings/libLatin5Converter.dylib
0x0000000103e00000 	/Library/Java/JavaVirtualMachines/jdk1.8.0_171.jdk/Contents/Home/jre/lib/server/libjvm.dylib
0x000000002ef98000 	/usr/lib/libstdc++.6.0.9.dylib
0x0000000104dae000 	/Library/Java/JavaVirtualMachines/jdk1.8.0_171.jdk/Contents/Home/jre/lib/libverify.dylib
0x0000000104dbc000 	/Library/Java/JavaVirtualMachines/jdk1.8.0_171.jdk/Contents/Home/jre/lib/libjava.dylib
0x0000000104df2000 	/Library/Java/JavaVirtualMachines/jdk1.8.0_171.jdk/Contents/Home/jre/lib/libinstrument.dylib
0x0000000104e90000 	/Library/Java/JavaVirtualMachines/jdk1.8.0_171.jdk/Contents/Home/jre/lib/libzip.dylib
0x000000011c469000 	/Library/Java/JavaVirtualMachines/jdk1.8.0_171.jdk/Contents/Home/jre/lib/libnet.dylib
0x000000011c4c8000 	/Library/Java/JavaVirtualMachines/jdk1.8.0_171.jdk/Contents/Home/jre/lib/libnio.dylib

VM Arguments:
jvm_args: -javaagent:/Volumes/SSD/mac/JetBrains/apps/IDEA-U/ch-0/182.4323.46/IntelliJ IDEA.app/Contents/lib/idea_rt.jar=50146:/Volumes/SSD/mac/JetBrains/apps/IDEA-U/ch-0/182.4323.46/IntelliJ IDEA.app/Contents/bin -Dfile.encoding=UTF-8 
java_command: Ana
java_class_path (initial): /Library/Java/JavaVirtualMachines/jdk1.8.0_171.jdk/Contents/Home/jre/lib/charsets.jar:/Library/Java/JavaVirtualMachines/jdk1.8.0_171.jdk/Contents/Home/jre/lib/deploy.jar:/Library/Java/JavaVirtualMachines/jdk1.8.0_171.jdk/Contents/Home/jre/lib/ext/cldrdata.jar:/Library/Java/JavaVirtualMachines/jdk1.8.0_171.jdk/Contents/Home/jre/lib/ext/dnsns.jar:/Library/Java/JavaVirtualMachines/jdk1.8.0_171.jdk/Contents/Home/jre/lib/ext/jaccess.jar:/Library/Java/JavaVirtualMachines/jdk1.8.0_171.jdk/Contents/Home/jre/lib/ext/jfxrt.jar:/Library/Java/JavaVirtualMachines/jdk1.8.0_171.jdk/Contents/Home/jre/lib/ext/localedata.jar:/Library/Java/JavaVirtualMachines/jdk1.8.0_171.jdk/Contents/Home/jre/lib/ext/nashorn.jar:/Library/Java/JavaVirtualMachines/jdk1.8.0_171.jdk/Contents/Home/jre/lib/ext/sunec.jar:/Library/Java/JavaVirtualMachines/jdk1.8.0_171.jdk/Contents/Home/jre/lib/ext/sunjce_provider.jar:/Library/Java/JavaVirtualMachines/jdk1.8.0_171.jdk/Contents/Home/jre/lib/ext/sunpkcs11.jar:/Library/Java/JavaVirtualMachines/jdk1.8.0_171.jdk/Contents/Home/jre/lib/ext/zipfs.jar:/Library/Java/JavaVirtualMachines/jdk1.8.0_171.jdk/Contents/Home/jre/lib/javaws.jar:/Library/Java/JavaVirtualMachines/jdk1.8.0_171.jdk/Contents/Home/jre/lib/jce.jar:/Library/Java/JavaVirtualMachines/jdk1.8.0_171.jdk/Contents/Home/jre/lib/jfr.jar:/Library/Java/JavaVirtualMachines/jdk1.8.0_171.jdk/Contents/Home/jre/lib/jfxswt.jar:/Library/Java/JavaVirtualMachines/jdk1.8.0_171.jdk/Contents/Home/jre/lib/jsse.jar:/Library/Java/JavaVirtualMachines/jdk1.8.0_171.jdk/Contents/Home/jre/lib/management-agent.jar:/Library/Java/JavaVirtualMachines/jdk1.8.0_171.jdk/Contents/Home/jre/lib/plugin.jar:/Library/Java/JavaVirtualMachines/jdk1.8.0_171.jdk/Contents/Home/jre/lib/resources.jar:/Library/Java/JavaVirtualMachines/jdk1.8.0_171.jdk/Contents/Home/jre/lib/rt.jar:/Library/Java/JavaVirtualMachines/jdk1.8.0_171.jdk/Contents/Home/lib/ant-javafx.jar:/Library/Java/JavaVirtualMachines/jdk1.8.0_171.jdk/Contents/Home
Launcher Type: SUN_STANDARD

Environment Variables:
PATH=/Library/Frameworks/Python.framework/Versions/3.7/bin:/usr/local/bin:/usr/bin:/bin:/usr/sbin:/sbin:/Applications/VMware Fusion.app/Contents/Public:/usr/local/share/dotnet:~/.dotnet/tools:/Library/Frameworks/Mono.framework/Versions/Current/Commands:/Applications/Xamarin Workbooks.app/Contents/SharedSupport/path-bin
SHELL=/bin/zsh

Signal Handlers:
SIGSEGV: [libjvm.dylib+0x5b512d], sa_mask[0]=11111111011111110111111111111111, sa_flags=SA_ONSTACK|SA_RESTART|SA_SIGINFO
SIGBUS: [libjvm.dylib+0x5b512d], sa_mask[0]=11111111011111110111111111111111, sa_flags=SA_RESTART|SA_SIGINFO
SIGFPE: [libjvm.dylib+0x48aa90], sa_mask[0]=11111111011111110111111111111111, sa_flags=SA_RESTART|SA_SIGINFO
SIGPIPE: [libjvm.dylib+0x48aa90], sa_mask[0]=11111111011111110111111111111111, sa_flags=SA_RESTART|SA_SIGINFO
SIGXFSZ: [libjvm.dylib+0x48aa90], sa_mask[0]=11111111011111110111111111111111, sa_flags=SA_RESTART|SA_SIGINFO
SIGILL: [libjvm.dylib+0x48aa90], sa_mask[0]=11111111011111110111111111111111, sa_flags=SA_RESTART|SA_SIGINFO
SIGUSR1: SIG_DFL, sa_mask[0]=00000000000000000000000000000000, sa_flags=none
SIGUSR2: [libjvm.dylib+0x48a5ae], sa_mask[0]=00100000000000000000000000000000, sa_flags=SA_RESTART|SA_SIGINFO
SIGHUP: [libjvm.dylib+0x488b79], sa_mask[0]=11111111011111110111111111111111, sa_flags=SA_RESTART|SA_SIGINFO
SIGINT: [libjvm.dylib+0x488b79], sa_mask[0]=11111111011111110111111111111111, sa_flags=SA_RESTART|SA_SIGINFO
SIGTERM: [libjvm.dylib+0x488b79], sa_mask[0]=11111111011111110111111111111111, sa_flags=SA_RESTART|SA_SIGINFO
SIGQUIT: [libjvm.dylib+0x488b79], sa_mask[0]=11111111011111110111111111111111, sa_flags=SA_RESTART|SA_SIGINFO


---------------  S Y S T E M  ---------------

OS:Bsduname:Darwin 17.7.0 Darwin Kernel Version 17.7.0: Thu Jun 21 22:53:14 PDT 2018; root:xnu-4570.71.2~1/RELEASE_X86_64 x86_64
rlimit: STACK 8192k, CORE 0k, NPROC 709, NOFILE 10240, AS infinity
load average:3.48 4.28 4.39

CPU:total 4 (initial active 4) (2 cores per cpu, 2 threads per core) family 6 model 61 stepping 4, cmov, cx8, fxsr, mmx, sse, sse2, sse3, ssse3, sse4.1, sse4.2, popcnt, avx, avx2, aes, clmul, erms, rtm, 3dnowpref, lzcnt, ht, tsc, tscinvbit, bmi1, bmi2, adx

Memory: 4k page, physical 8388608k(330932k free)

/proc/meminfo:


vm_info: Java HotSpot(TM) 64-Bit Server VM (25.171-b11) for bsd-amd64 JRE (1.8.0_171-b11), built on Mar 28 2018 12:50:57 by "java_re" with gcc 4.2.1 (Based on Apple Inc. build 5658) (LLVM build 2336.11.00)

time: Sat Sep 22 15:09:51 2018
elapsed time: 1734 seconds (0d 0h 28m 54s)

